[0325/153220.061:ERROR:process_reader_win.cc(151)] SuspendThread: Access is denied. (0x5)
[0325/153220.061:ERROR:process_reader_win.cc(151)] SuspendThread: Access is denied. (0x5)
[0325/153220.061:ERROR:process_reader_win.cc(151)] SuspendThread: Access is denied. (0x5)
[0325/153220.061:ERROR:process_reader_win.cc(151)] SuspendThread: Access is denied. (0x5)
[0325/153220.061:ERROR:process_reader_win.cc(151)] SuspendThread: Access is denied. (0x5)
[0325/153220.061:ERROR:process_reader_win.cc(151)] SuspendThread: Access is denied. (0x5)
[0325/153220.061:ERROR:process_reader_win.cc(151)] SuspendThread: Access is denied. (0x5)
[0325/153220.061:ERROR:process_reader_win.cc(151)] SuspendThread: Access is denied. (0x5)
[0325/153220.061:ERROR:process_reader_win.cc(151)] SuspendThread: Access is denied. (0x5)
[0325/153220.065:ERROR:process_reader_win.cc(151)] SuspendThread: Access is denied. (0x5)
[0325/153220.061:ERROR:process_reader_win.cc(123)] NtOpenThread: {Access Denied} A process has requested access to an object, but has not been granted those access rights. (0xc0000022)
[0325/153220.065:ERROR:process_reader_win.cc(123)] NtOpenThread: {Access Denied} A process has requested access to an object, but has not been granted those access rights. (0xc0000022)
[0325/153220.061:ERROR:process_reader_win.cc(123)] NtOpenThread: {Access Denied} A process has requested access to an object, but has not been granted those access rights. (0xc0000022)
[0325/153220.061:ERROR:process_reader_win.cc(123)] NtOpenThread: {Access Denied} A process has requested access to an object, but has not been granted those access rights. (0xc0000022)
[0325/153220.077:ERROR:process_reader_win.cc(123)] NtOpenThread: {Access Denied} A process has requested access to an object, but has not been granted those access rights. (0xc0000022)
[0325/153220.113:ERROR:exception_snapshot_win.cc(98)] thread ID 23392 not found in process
[0325/153220.113:ERROR:exception_snapshot_win.cc(98)] thread ID 37120 not found in process
[0325/153220.113:ERROR:exception_snapshot_win.cc(98)] thread ID 10928 not found in process
[0325/153220.113:ERROR:exception_snapshot_win.cc(98)] thread ID 33080 not found in process
[0325/153220.113:ERROR:exception_snapshot_win.cc(98)] thread ID 11996 not found in process
[0325/153220.125:ERROR:process_reader_win.cc(123)] NtOpenThread: {Access Denied} A process has requested access to an object, but has not been granted those access rights. (0xc0000022)
[0325/153220.125:ERROR:exception_snapshot_win.cc(98)] thread ID 17960 not found in process
[0325/153220.137:ERROR:process_reader_win.cc(123)] NtOpenThread: {Access Denied} A process has requested access to an object, but has not been granted those access rights. (0xc0000022)
[0325/153220.141:ERROR:exception_snapshot_win.cc(98)] thread ID 11012 not found in process
[0325/153220.141:ERROR:scoped_process_suspend.cc(40)] NtResumeProcess: An attempt was made to access an exiting process. (0xc000010a)
[0325/153220.205:ERROR:process_reader_win.cc(123)] NtOpenThread: {Access Denied} A process has requested access to an object, but has not been granted those access rights. (0xc0000022)
[0325/153220.205:ERROR:exception_snapshot_win.cc(98)] thread ID 25124 not found in process
[0325/153220.914:ERROR:process_info.cc(329)] VirtualQueryEx: Access is denied. (0x5)
[0325/153220.914:ERROR:process_info.cc(556)] ReadMemoryInfo failed
[0325/153220.914:ERROR:scoped_process_suspend.cc(40)] NtResumeProcess: An attempt was made to access an exiting process. (0xc000010a)
